
   Illuminate\Database\QueryException 

  SQLSTATE[42S22]: Column not found: 1054 Unknown column 'taches.entreprise_id' in 'where clause' (SQL: select * from `taches` where `taches`.`entreprise_id` = 1 and `taches`.`entreprise_id` is not null)

  at C:\laragon\www\plateformeLaravel\vendor\laravel\framework\src\Illuminate\Database\Connection.php:712
    708▕         // If an exception occurs when attempting to run a query, we'll format the error
    709▕         // message to include the bindings with SQL, which will make this exception a
    710▕         // lot more helpful to the developer instead of just the database's errors.
    711▕         catch (Exception $e) {
  ➜ 712▕             throw new QueryException(
    713▕                 $query, $this->prepareBindings($bindings), $e
    714▕             );
    715▕         }
    716▕     }

  • A column was not found: You might have forgotten to run your migrations. You can run your migrations using `php artisan migrate`. 
    https://laravel.com/docs/master/migrations#running-migrations

  1   C:\laragon\www\plateformeLaravel\vendor\laravel\framework\src\Illuminate\Database\Connection.php:368
      PDOException::("SQLSTATE[42S22]: Column not found: 1054 Unknown column 'taches.entreprise_id' in 'where clause'")

  2   C:\laragon\www\plateformeLaravel\vendor\laravel\framework\src\Illuminate\Database\Connection.php:368
      PDO::prepare("select * from `taches` where `taches`.`entreprise_id` = ? and `taches`.`entreprise_id` is not null")

   Illuminate\Database\QueryException 

  SQLSTATE[42S22]: Column not found: 1054 Unknown column 'taches.entreprise_id' in 'where clause' (SQL: select * from `taches` where `taches`.`entreprise_id` = 1 and `taches`.`entreprise_id` is not null)

  at C:\laragon\www\plateformeLaravel\vendor\laravel\framework\src\Illuminate\Database\Connection.php:712
    708▕         // If an exception occurs when attempting to run a query, we'll format the error
    709▕         // message to include the bindings with SQL, which will make this exception a
    710▕         // lot more helpful to the developer instead of just the database's errors.
    711▕         catch (Exception $e) {
  ➜ 712▕             throw new QueryException(
    713▕                 $query, $this->prepareBindings($bindings), $e
    714▕             );
    715▕         }
    716▕     }

  • A column was not found: You might have forgotten to run your migrations. You can run your migrations using `php artisan migrate`. 
    https://laravel.com/docs/master/migrations#running-migrations

  1   C:\laragon\www\plateformeLaravel\vendor\laravel\framework\src\Illuminate\Database\Connection.php:368
      PDOException::("SQLSTATE[42S22]: Column not found: 1054 Unknown column 'taches.entreprise_id' in 'where clause'")

  2   C:\laragon\www\plateformeLaravel\vendor\laravel\framework\src\Illuminate\Database\Connection.php:368
      PDO::prepare("select * from `taches` where `taches`.`entreprise_id` = ? and `taches`.`entreprise_id` is not null")

   Illuminate\Database\QueryException 

  SQLSTATE[42S22]: Column not found: 1054 Unknown column 'taches.entreprise_id' in 'where clause' (SQL: select * from `taches` where `taches`.`entreprise_id` = 1 and `taches`.`entreprise_id` is not null)

  at C:\laragon\www\plateformeLaravel\vendor\laravel\framework\src\Illuminate\Database\Connection.php:712
    708▕         // If an exception occurs when attempting to run a query, we'll format the error
    709▕         // message to include the bindings with SQL, which will make this exception a
    710▕         // lot more helpful to the developer instead of just the database's errors.
    711▕         catch (Exception $e) {
  ➜ 712▕             throw new QueryException(
    713▕                 $query, $this->prepareBindings($bindings), $e
    714▕             );
    715▕         }
    716▕     }

  • A column was not found: You might have forgotten to run your migrations. You can run your migrations using `php artisan migrate`. 
    https://laravel.com/docs/master/migrations#running-migrations

  1   C:\laragon\www\plateformeLaravel\vendor\laravel\framework\src\Illuminate\Database\Connection.php:368
      PDOException::("SQLSTATE[42S22]: Column not found: 1054 Unknown column 'taches.entreprise_id' in 'where clause'")

  2   C:\laragon\www\plateformeLaravel\vendor\laravel\framework\src\Illuminate\Database\Connection.php:368
      PDO::prepare("select * from `taches` where `taches`.`entreprise_id` = ? and `taches`.`entreprise_id` is not null")

   Illuminate\Database\QueryException 

  SQLSTATE[42S22]: Column not found: 1054 Unknown column 'taches.entreprise_id' in 'where clause' (SQL: select * from `taches` where `taches`.`entreprise_id` = 1 and `taches`.`entreprise_id` is not null)

  at C:\laragon\www\plateformeLaravel\vendor\laravel\framework\src\Illuminate\Database\Connection.php:712
    708▕         // If an exception occurs when attempting to run a query, we'll format the error
    709▕         // message to include the bindings with SQL, which will make this exception a
    710▕         // lot more helpful to the developer instead of just the database's errors.
    711▕         catch (Exception $e) {
  ➜ 712▕             throw new QueryException(
    713▕                 $query, $this->prepareBindings($bindings), $e
    714▕             );
    715▕         }
    716▕     }

  • A column was not found: You might have forgotten to run your migrations. You can run your migrations using `php artisan migrate`. 
    https://laravel.com/docs/master/migrations#running-migrations

  1   C:\laragon\www\plateformeLaravel\vendor\laravel\framework\src\Illuminate\Database\Connection.php:368
      PDOException::("SQLSTATE[42S22]: Column not found: 1054 Unknown column 'taches.entreprise_id' in 'where clause'")

  2   C:\laragon\www\plateformeLaravel\vendor\laravel\framework\src\Illuminate\Database\Connection.php:368
      PDO::prepare("select * from `taches` where `taches`.`entreprise_id` = ? and `taches`.`entreprise_id` is not null")

   Illuminate\Database\QueryException 

  SQLSTATE[42S22]: Column not found: 1054 Unknown column 'taches.entreprise_id' in 'where clause' (SQL: select * from `taches` where `taches`.`entreprise_id` = 1 and `taches`.`entreprise_id` is not null)

  at C:\laragon\www\plateformeLaravel\vendor\laravel\framework\src\Illuminate\Database\Connection.php:712
    708▕         // If an exception occurs when attempting to run a query, we'll format the error
    709▕         // message to include the bindings with SQL, which will make this exception a
    710▕         // lot more helpful to the developer instead of just the database's errors.
    711▕         catch (Exception $e) {
  ➜ 712▕             throw new QueryException(
    713▕                 $query, $this->prepareBindings($bindings), $e
    714▕             );
    715▕         }
    716▕     }

  • A column was not found: You might have forgotten to run your migrations. You can run your migrations using `php artisan migrate`. 
    https://laravel.com/docs/master/migrations#running-migrations

  1   C:\laragon\www\plateformeLaravel\vendor\laravel\framework\src\Illuminate\Database\Connection.php:368
      PDOException::("SQLSTATE[42S22]: Column not found: 1054 Unknown column 'taches.entreprise_id' in 'where clause'")

  2   C:\laragon\www\plateformeLaravel\vendor\laravel\framework\src\Illuminate\Database\Connection.php:368
      PDO::prepare("select * from `taches` where `taches`.`entreprise_id` = ? and `taches`.`entreprise_id` is not null")

   Illuminate\Database\QueryException 

  SQLSTATE[42S22]: Column not found: 1054 Unknown column 'taches.entreprise_id' in 'where clause' (SQL: select * from `taches` where `taches`.`entreprise_id` = 1 and `taches`.`entreprise_id` is not null)

  at C:\laragon\www\plateformeLaravel\vendor\laravel\framework\src\Illuminate\Database\Connection.php:712
    708▕         // If an exception occurs when attempting to run a query, we'll format the error
    709▕         // message to include the bindings with SQL, which will make this exception a
    710▕         // lot more helpful to the developer instead of just the database's errors.
    711▕         catch (Exception $e) {
  ➜ 712▕             throw new QueryException(
    713▕                 $query, $this->prepareBindings($bindings), $e
    714▕             );
    715▕         }
    716▕     }

  • A column was not found: You might have forgotten to run your migrations. You can run your migrations using `php artisan migrate`. 
    https://laravel.com/docs/master/migrations#running-migrations

  1   C:\laragon\www\plateformeLaravel\vendor\laravel\framework\src\Illuminate\Database\Connection.php:368
      PDOException::("SQLSTATE[42S22]: Column not found: 1054 Unknown column 'taches.entreprise_id' in 'where clause'")

  2   C:\laragon\www\plateformeLaravel\vendor\laravel\framework\src\Illuminate\Database\Connection.php:368
      PDO::prepare("select * from `taches` where `taches`.`entreprise_id` = ? and `taches`.`entreprise_id` is not null")

   Illuminate\Database\QueryException 

  SQLSTATE[42S22]: Column not found: 1054 Unknown column 'taches.entreprise_id' in 'where clause' (SQL: select * from `taches` where `taches`.`entreprise_id` = 1 and `taches`.`entreprise_id` is not null)

  at C:\laragon\www\plateformeLaravel\vendor\laravel\framework\src\Illuminate\Database\Connection.php:712
    708▕         // If an exception occurs when attempting to run a query, we'll format the error
    709▕         // message to include the bindings with SQL, which will make this exception a
    710▕         // lot more helpful to the developer instead of just the database's errors.
    711▕         catch (Exception $e) {
  ➜ 712▕             throw new QueryException(
    713▕                 $query, $this->prepareBindings($bindings), $e
    714▕             );
    715▕         }
    716▕     }

  • A column was not found: You might have forgotten to run your migrations. You can run your migrations using `php artisan migrate`. 
    https://laravel.com/docs/master/migrations#running-migrations

  1   C:\laragon\www\plateformeLaravel\vendor\laravel\framework\src\Illuminate\Database\Connection.php:368
      PDOException::("SQLSTATE[42S22]: Column not found: 1054 Unknown column 'taches.entreprise_id' in 'where clause'")

  2   C:\laragon\www\plateformeLaravel\vendor\laravel\framework\src\Illuminate\Database\Connection.php:368
      PDO::prepare("select * from `taches` where `taches`.`entreprise_id` = ? and `taches`.`entreprise_id` is not null")
